<?xml version="1.0" encoding="UTF-8"?>
<!-- Generated by org.testng.reporters.JUnitReportReporter -->
<testsuite hostname="LAPTOP-J5E37TJF" failures="0" tests="3" name="testjava.LoginPageTest" time="4.025" errors="0" timestamp="2022-05-10T09:03:58 IST" skipped="0">
  <testcase classname="testjava.LoginPageTest" name="verifyUrlOfPage" time="0.010"/>
  <system-out/>
  <testcase classname="testjava.LoginPageTest" name="verifyTitleOfPage" time="0.010"/>
  <system-out/>
  <testcase classname="testjava.LoginPageTest" name="verifyLoginFunctionality" time="4.005"/>
  <system-out/>
</testsuite> <!-- testjava.LoginPageTest -->
