<?xml version="1.0" encoding="UTF-8"?>
<!-- Generated by org.testng.reporters.JUnitReportReporter -->
<testsuite hostname="LAPTOP-J5E37TJF" failures="0" tests="3" name="testjava.LoginPageTest" time="5.833" errors="0" timestamp="2022-05-12T10:32:17 IST" skipped="0">
  <testcase classname="testjava.LoginPageTest" name="verifyUrlOfPage" time="0.033"/>
  <system-out/>
  <testcase classname="testjava.LoginPageTest" name="verifyTitleOfPage" time="0.005"/>
  <system-out/>
  <testcase classname="testjava.LoginPageTest" name="verifyLoginFunctionality" time="5.795"/>
  <system-out/>
</testsuite> <!-- testjava.LoginPageTest -->
