<?xml version="1.0" encoding="UTF-8"?>
<!-- Generated by org.testng.reporters.JUnitReportReporter -->
<testsuite hostname="LAPTOP-J5E37TJF" failures="0" tests="3" name="testjava.LoginPageTest" time="5.346" errors="0" timestamp="2022-05-12T19:35:19 IST" skipped="0">
  <testcase classname="testjava.LoginPageTest" name="verifyUrlOfPage" time="0.067"/>
  <system-out/>
  <testcase classname="testjava.LoginPageTest" name="verifyTitleOfPage" time="0.012"/>
  <system-out/>
  <testcase classname="testjava.LoginPageTest" name="verifyLoginFunctionality" time="5.267"/>
  <system-out/>
</testsuite> <!-- testjava.LoginPageTest -->
