<?xml version="1.0" encoding="UTF-8"?>
<!-- Generated by org.testng.reporters.JUnitReportReporter -->
<testsuite hostname="LAPTOP-J5E37TJF" failures="0" tests="1" name="testjava.DashboardPageTest" time="6.792" errors="0" timestamp="2022-05-12T19:32:39 IST" skipped="0">
  <testcase classname="testjava.DashboardPageTest" name="verfiyLogoutFunctionality" time="6.792"/>
  <system-out/>
</testsuite> <!-- testjava.DashboardPageTest -->
