<?xml version="1.0" encoding="UTF-8"?>
<!-- Generated by org.testng.reporters.JUnitReportReporter -->
<testsuite hostname="LAPTOP-J5E37TJF" failures="0" tests="3" name="testjava.LoginPageTest" time="4.559" errors="0" timestamp="2022-05-10T08:58:39 IST" skipped="0">
  <testcase classname="testjava.LoginPageTest" name="verifyUrlOfPage" time="0.007"/>
  <system-out/>
  <testcase classname="testjava.LoginPageTest" name="verifyTitleOfPage" time="0.014"/>
  <system-out/>
  <testcase classname="testjava.LoginPageTest" name="verifyLoginFunctionality" time="4.538"/>
  <system-out/>
</testsuite> <!-- testjava.LoginPageTest -->
